<?xml version="1.0" encoding="UTF-8"?>
<!-- Generated by org.testng.reporters.JUnitReportReporter -->
<testsuite hostname="LAPTOP-5DBSC07H" failures="0" tests="1" name="com.restassured.api.PostRequest" time="2.561" errors="0" timestamp="2022-10-28T05:17:56 IST" skipped="0">
  <testcase classname="com.restassured.api.PostRequest" name="postMethod" time="2.561"/>
  <system-out/>
</testsuite> <!-- com.restassured.api.PostRequest -->
