<?xml version="1.0" encoding="UTF-8"?>
<!-- Generated by org.testng.reporters.JUnitReportReporter -->
<testsuite hostname="LAPTOP-5DBSC07H" failures="0" tests="1" name="demopa.Getmethod" time="3.946" errors="0" timestamp="2022-10-28T20:27:41 IST" skipped="0">
  <testcase classname="demopa.Getmethod" name="getmethod" time="3.946"/>
  <system-out/>
</testsuite> <!-- demopa.Getmethod -->
