<?xml version="1.0" encoding="UTF-8"?>
<!-- Generated by org.testng.reporters.JUnitReportReporter -->
<testsuite hostname="LAPTOP-5DBSC07H" failures="0" tests="1" name="com.restassureddemo.bdd_style.DeleteEmployee" time="1.138" errors="0" timestamp="2022-09-24T19:25:06 IST" skipped="0">
  <testcase classname="com.restassureddemo.bdd_style.DeleteEmployee" name="deleteemployee" time="1.138"/>
  <system-out/>
</testsuite> <!-- com.restassureddemo.bdd_style.DeleteEmployee -->
