<?xml version="1.0" encoding="UTF-8"?>
<!-- Generated by org.testng.reporters.JUnitReportReporter -->
<testsuite hostname="LAPTOP-5DBSC07H" failures="0" tests="1" name="com.restassureddemo.GetRequest.GetAllEmployeeDetails" time="3.268" errors="0" timestamp="2022-09-24T15:04:14 IST" skipped="0">
  <testcase classname="com.restassureddemo.GetRequest.GetAllEmployeeDetails" name="getAllEmployee" time="3.268"/>
  <system-out/>
</testsuite> <!-- com.restassureddemo.GetRequest.GetAllEmployeeDetails -->
