<?xml version="1.0" encoding="UTF-8"?>
<!-- Generated by org.testng.reporters.JUnitReportReporter -->
<testsuite hostname="LAPTOP-5DBSC07H" failures="0" tests="1" name="com.restassureddemo.PostRequest.CreateEmplogeeUsingPost" time="2.535" errors="0" timestamp="2022-09-24T13:00:03 IST" skipped="0">
  <testcase classname="com.restassureddemo.PostRequest.CreateEmplogeeUsingPost" name="createEmployee" time="2.535"/>
  <system-out/>
</testsuite> <!-- com.restassureddemo.PostRequest.CreateEmplogeeUsingPost -->
