<?xml version="1.0" encoding="UTF-8"?>
<!-- Generated by org.testng.reporters.JUnitReportReporter -->
<testsuite hostname="LAPTOP-5DBSC07H" failures="0" tests="1" name="com.restassureddemo.serialization.SerializationDemo" time="1.660" errors="0" timestamp="2022-09-24T21:05:16 IST" skipped="0">
  <testcase classname="com.restassureddemo.serialization.SerializationDemo" name="serialization" time="1.660"/>
  <system-out/>
</testsuite> <!-- com.restassureddemo.serialization.SerializationDemo -->
