<?xml version="1.0" encoding="UTF-8"?>
<!-- Generated by org.testng.reporters.JUnitReportReporter -->
<testsuite hostname="LAPTOP-5DBSC07H" failures="0" tests="1" name="shareData.DataSharingUsingITestContextISuitCreate" time="2.318" errors="0" timestamp="2022-10-17T17:00:18 IST" skipped="0">
  <testcase classname="shareData.DataSharingUsingITestContextISuitCreate" name="createEmployee" time="2.318"/>
  <system-out/>
</testsuite> <!-- shareData.DataSharingUsingITestContextISuitCreate -->
