<?xml version="1.0" encoding="UTF-8"?>
<!-- Generated by org.testng.reporters.JUnitReportReporter -->
<testsuite hostname="LAPTOP-5DBSC07H" failures="0" tests="2" name="shareData.DataSharingUsingItestContextGet" time="0.153" errors="0" timestamp="2022-10-17T16:57:17 IST" skipped="0">
  <testcase classname="shareData.DataSharingUsingItestContextGet" name="getEmployee" time="0.056"/>
  <system-out/>
  <testcase classname="shareData.DataSharingUsingItestContextGet" name="getEmployee" time="0.097"/>
  <system-out/>
</testsuite> <!-- shareData.DataSharingUsingItestContextGet -->
