<?xml version="1.0" encoding="UTF-8"?>
<!-- Generated by org.testng.reporters.JUnitReportReporter -->
<testsuite hostname="LAPTOP-5DBSC07H" failures="0" tests="2" name="shareData.TestModuleOne" time="2.819" errors="0" timestamp="2022-10-16T21:03:39 IST" skipped="0">
  <testcase classname="shareData.TestModuleOne" name="createEmployee" time="2.707"/>
  <system-out/>
  <testcase classname="shareData.TestModuleOne" name="getEmployee" time="0.112"/>
  <system-out/>
</testsuite> <!-- shareData.TestModuleOne -->
