<?xml version="1.0" encoding="UTF-8"?>
<!-- Generated by org.testng.reporters.JUnitReportReporter -->
<testsuite hostname="LAPTOP-5DBSC07H" failures="0" tests="1" name="com.restassureddemo.jsonschema.JsonSchemaValidationUsingHamcrest" time="0.510" errors="0" timestamp="2022-09-25T15:40:14 IST" skipped="0">
  <testcase classname="com.restassureddemo.jsonschema.JsonSchemaValidationUsingHamcrest" name="jsonSchemaValidation" time="0.510"/>
  <system-out/>
</testsuite> <!-- com.restassureddemo.jsonschema.JsonSchemaValidationUsingHamcrest -->
