<?xml version="1.0" encoding="UTF-8"?>
<!-- Generated by org.testng.reporters.JUnitReportReporter -->
<testsuite hostname="LAPTOP-5DBSC07H" failures="0" tests="2" name="shareData.TestModuleTwoWithThreadLocal" time="3.013" errors="0" timestamp="2022-10-17T12:18:37 IST" skipped="0">
  <testcase classname="shareData.TestModuleTwoWithThreadLocal" name="createEmployee" time="2.860"/>
  <system-out/>
  <testcase classname="shareData.TestModuleTwoWithThreadLocal" name="getEmployee" time="0.153"/>
  <system-out/>
</testsuite> <!-- shareData.TestModuleTwoWithThreadLocal -->
