<?xml version="1.0" encoding="UTF-8"?>
<!-- Generated by org.testng.reporters.JUnitReportReporter -->
<testsuite hostname="LAPTOP-5DBSC07H" failures="0" tests="1" name="com.restassureddemo.bdd_style.UpdateEmployee" time="1.242" errors="0" timestamp="2022-09-24T19:21:17 IST" skipped="0">
  <testcase classname="com.restassureddemo.bdd_style.UpdateEmployee" name="updateemployee" time="1.242"/>
  <system-out/>
</testsuite> <!-- com.restassureddemo.bdd_style.UpdateEmployee -->
