<?xml version="1.0" encoding="UTF-8"?>
<!-- Generated by org.testng.reporters.JUnitReportReporter -->
<testsuite hostname="LAPTOP-5DBSC07H" failures="0" tests="1" name="com.restassureddemo.bdd_style.GetMethodLocalhost" time="1.266" errors="0" timestamp="2022-09-24T19:37:56 IST" skipped="0">
  <testcase classname="com.restassureddemo.bdd_style.GetMethodLocalhost" name="getMethodlocalhost" time="1.266"/>
  <system-out/>
</testsuite> <!-- com.restassureddemo.bdd_style.GetMethodLocalhost -->
