<?xml version="1.0" encoding="UTF-8"?>
<!-- Generated by org.testng.reporters.JUnitReportReporter -->
<testsuite hostname="LAPTOP-5DBSC07H" failures="0" tests="1" name="com.restassureddemo.bdd_style.PostMethod" time="4.321" errors="0" timestamp="2022-09-24T17:41:26 IST" skipped="0">
  <testcase classname="com.restassureddemo.bdd_style.PostMethod" name="postMethodWithArray" time="4.321"/>
  <system-out/>
</testsuite> <!-- com.restassureddemo.bdd_style.PostMethod -->
