<?xml version="1.0" encoding="UTF-8"?>
<!-- Generated by org.testng.reporters.JUnitReportReporter -->
<testsuite hostname="LAPTOP-5DBSC07H" failures="0" tests="2" name="shareData.TestModuleOneWithThreadLocal" time="3.012" errors="0" timestamp="2022-10-17T12:18:37 IST" skipped="0">
  <testcase classname="shareData.TestModuleOneWithThreadLocal" name="createEmployee" time="2.861"/>
  <system-out/>
  <testcase classname="shareData.TestModuleOneWithThreadLocal" name="getEmployee" time="0.151"/>
  <system-out/>
</testsuite> <!-- shareData.TestModuleOneWithThreadLocal -->
