<?xml version="1.0" encoding="UTF-8"?>
<!-- Generated by org.testng.reporters.JUnitReportReporter -->
<testsuite hostname="LAPTOP-5DBSC07H" failures="0" tests="1" name="com.restassureddemo.bdd_style.CreateNewEmployee" time="1.165" errors="0" timestamp="2022-09-24T19:13:46 IST" skipped="0">
  <testcase classname="com.restassureddemo.bdd_style.CreateNewEmployee" name="createEmployee" time="1.165"/>
  <system-out/>
</testsuite> <!-- com.restassureddemo.bdd_style.CreateNewEmployee -->
