<?xml version="1.0" encoding="UTF-8"?>
<!-- Generated by org.testng.reporters.JUnitReportReporter -->
<testsuite hostname="LAPTOP-5DBSC07H" failures="0" tests="1" name="com.restassureddemo.jsonschema.JsonSchemaFilewithoutClasspath" time="3.460" errors="0" timestamp="2022-10-19T21:12:10 IST" skipped="0">
  <testcase classname="com.restassureddemo.jsonschema.JsonSchemaFilewithoutClasspath" name="createrecord" time="3.460"/>
  <system-out/>
</testsuite> <!-- com.restassureddemo.jsonschema.JsonSchemaFilewithoutClasspath -->
