<?xml version="1.0" encoding="UTF-8"?>
<!-- Generated by org.testng.reporters.JUnitReportReporter -->
<testsuite hostname="LAPTOP-5DBSC07H" failures="0" tests="2" name="shareData.ShareDataAmongMethods" time="2.657" errors="0" timestamp="2022-10-15T21:02:46 IST" skipped="0">
  <testcase classname="shareData.ShareDataAmongMethods" name="createEmployee" time="2.528"/>
  <system-out/>
  <testcase classname="shareData.ShareDataAmongMethods" name="getEmployee" time="0.129"/>
  <system-out/>
</testsuite> <!-- shareData.ShareDataAmongMethods -->
