<?xml version="1.0" encoding="UTF-8"?>
<!-- Generated by org.testng.reporters.JUnitReportReporter -->
<testsuite hostname="LAPTOP-5DBSC07H" failures="0" tests="1" name="shareData.DataSharingUsingItestContextISuitGet2" time="0.101" errors="0" timestamp="2022-10-17T17:00:18 IST" skipped="0">
  <testcase classname="shareData.DataSharingUsingItestContextISuitGet2" name="getEmployee" time="0.101"/>
  <system-out/>
</testsuite> <!-- shareData.DataSharingUsingItestContextISuitGet2 -->
