<?xml version="1.0" encoding="UTF-8"?>
<!-- Generated by org.testng.reporters.JUnitReportReporter -->
<testsuite hostname="LAPTOP-5DBSC07H" failures="0" tests="1" name="com.restassureddemo.GetRequest.GetSingleEmployee" time="3.565" errors="0" timestamp="2022-09-24T14:32:13 IST" skipped="0">
  <testcase classname="com.restassureddemo.GetRequest.GetSingleEmployee" name="id" time="3.565"/>
  <system-out/>
</testsuite> <!-- com.restassureddemo.GetRequest.GetSingleEmployee -->
