<?xml version="1.0" encoding="UTF-8"?>
<!-- Generated by org.testng.reporters.JUnitReportReporter -->
<testsuite hostname="LAPTOP-5DBSC07H" failures="0" tests="1" name="shareData.DataSharingUsingITestContextCreate" time="2.239" errors="0" timestamp="2022-10-17T16:57:17 IST" skipped="0">
  <testcase classname="shareData.DataSharingUsingITestContextCreate" name="createEmployee" time="2.239"/>
  <system-out/>
</testsuite> <!-- shareData.DataSharingUsingITestContextCreate -->
