<?xml version="1.0" encoding="UTF-8"?>
<!-- Generated by org.testng.reporters.JUnitReportReporter -->
<testsuite hostname="LAPTOP-5DBSC07H" failures="0" tests="2" name="shareData.ShareDataAmongMethodsUsingMap" time="2.481" errors="0" timestamp="2022-10-16T20:15:25 IST" skipped="0">
  <testcase classname="shareData.ShareDataAmongMethodsUsingMap" name="createEmployee" time="2.377"/>
  <system-out/>
  <testcase classname="shareData.ShareDataAmongMethodsUsingMap" name="getEmployee" time="0.104"/>
  <system-out/>
</testsuite> <!-- shareData.ShareDataAmongMethodsUsingMap -->
