<?xml version="1.0" encoding="UTF-8"?>
<!-- Generated by org.testng.reporters.JUnitReportReporter -->
<testsuite hostname="LAPTOP-5DBSC07H" failures="0" tests="1" name="demo.Demo" time="0.013" errors="0" timestamp="2022-10-28T18:41:54 IST" skipped="0">
  <testcase classname="demo.Demo" name="getmethod" time="0.013"/>
  <system-out/>
</testsuite> <!-- demo.Demo -->
