<?xml version="1.0" encoding="UTF-8"?>
<!-- Generated by org.testng.reporters.JUnitReportReporter -->
<testsuite hostname="LAPTOP-5DBSC07H" failures="0" tests="1" name="com.restassureddemo.PutRequest.UpdateEmployeeUsingPut" time="3.073" errors="0" timestamp="2022-09-24T15:21:05 IST" skipped="0">
  <testcase classname="com.restassureddemo.PutRequest.UpdateEmployeeUsingPut" name="updateAnEmployee" time="3.073"/>
  <system-out/>
</testsuite> <!-- com.restassureddemo.PutRequest.UpdateEmployeeUsingPut -->
